Arguments: 
  /home/superuser/.nvm/versions/node/v10.10.0/bin/node /home/superuser/.yarn/bin/yarn add serve

PATH: 
  /home/superuser/google-cloud-sdk/bin:/home/superuser/.nvm/versions/node/v10.10.0/bin:/home/superuser/.local/bin:/home/superuser/.yarn/bin:/home/superuser/.config/yarn/global/node_modules/.bin:/usr/sbin:/sbin:/usr/games:/usr/local/bin:/usr/bin:/bin:/usr/local/sbin:/usr/lib/jvm/default/bin:/usr/bin/site_perl:/usr/bin/vendor_perl:/usr/bin/core_perl:/var/lib/snapd/snap/bin

Yarn version: 
  1.9.4

Node version: 
  10.10.0

Platform: 
  linux x64

Trace: 
  Error: getaddrinfo ENOTFOUND registry.yarnpkg.com registry.yarnpkg.com:443
      at GetAddrInfoReqWrap.onlookup [as oncomplete] (dns.js:57:26)

npm manifest: 
  {
      "name": "assets-for-allbooms-api",
      "version": "0.1.3-layer1",
      "scripts": {
          "build": "node build.js"
      },
      "dependencies": {
          "uglify-es": "^3.3.9"
      }
  }

yarn manifest: 
  No manifest

Lockfile: 
  # THIS IS AN AUTOGENERATED FILE. DO NOT EDIT THIS FILE DIRECTLY.
  # yarn lockfile v1
  
  
  commander@~2.13.0:
    version "2.13.0"
    resolved "https://registry.yarnpkg.com/commander/-/commander-2.13.0.tgz#6964bca67685df7c1f1430c584f07d7597885b9c"
  
  source-map@~0.6.1:
    version "0.6.1"
    resolved "https://registry.yarnpkg.com/source-map/-/source-map-0.6.1.tgz#74722af32e9614e9c287a8d0bbde48b5e2f1a263"
  
  uglify-es@^3.3.9:
    version "3.3.9"
    resolved "https://registry.yarnpkg.com/uglify-es/-/uglify-es-3.3.9.tgz#0c1c4f0700bed8dbc124cdb304d2592ca203e677"
    dependencies:
      commander "~2.13.0"
      source-map "~0.6.1"
